                                      1 ;--------------------------------------------------------
                                      2 ; File Created by SDCC : free open source ANSI-C Compiler
                                      3 ; Version 4.0.7 #12016 (MINGW64)
                                      4 ;--------------------------------------------------------
                                      5 	.module output_outro
                                      6 	.optsdcc -mgbz80
                                      7 	
                                      8 ;--------------------------------------------------------
                                      9 ; Public variables in this module
                                     10 ;--------------------------------------------------------
                                     11 	.globl _song_outro0
                                     12 	.globl _song_outro_Data
                                     13 ;--------------------------------------------------------
                                     14 ; special function registers
                                     15 ;--------------------------------------------------------
                                     16 ;--------------------------------------------------------
                                     17 ; ram data
                                     18 ;--------------------------------------------------------
                                     19 	.area _DATA
      000000                         20 _song_outro_Data::
      000000                         21 	.ds 4
                                     22 ;--------------------------------------------------------
                                     23 ; absolute external ram data
                                     24 ;--------------------------------------------------------
                                     25 	.area _DABS (ABS)
                                     26 ;--------------------------------------------------------
                                     27 ; global & static initialisations
                                     28 ;--------------------------------------------------------
                                     29 	.area _HOME
                                     30 	.area _GSINIT
                                     31 	.area _GSFINAL
                                     32 	.area _GSINIT
                                     33 ;music\output\output_outro.c:73: const unsigned char * song_outro_Data[] = {
      000000 21r00r00                34 	ld	hl, #_song_outro_Data
      000003 3Er00                   35 	ld	a, #<(_song_outro0)
      000005 22                      36 	ld	(hl+), a
      000006 36s00                   37 	ld	(hl), #>(_song_outro0)
      000008 21r02r00                38 	ld	hl, #(_song_outro_Data + 0x0002)
      00000B AF                      39 	xor	a, a
      00000C 22                      40 	ld	(hl+), a
      00000D 77                      41 	ld	(hl), a
                                     42 ;--------------------------------------------------------
                                     43 ; Home
                                     44 ;--------------------------------------------------------
                                     45 	.area _HOME
                                     46 	.area _HOME
                                     47 ;--------------------------------------------------------
                                     48 ; code
                                     49 ;--------------------------------------------------------
                                     50 	.area _CODE
                                     51 	.area _CODE
      000000                         52 _song_outro0:
      000000 9C                      53 	.db #0x9c	; 156
      000001 2A                      54 	.db #0x2a	; 42
      000002 00                      55 	.db #0x00	; 0
      000003 20                      56 	.db #0x20	; 32
      000004 8A                      57 	.db #0x8a	; 138
      000005 82                      58 	.db #0x82	; 130
      000006 02                      59 	.db #0x02	; 2
      000007 40                      60 	.db #0x40	; 64
      000008 10                      61 	.db #0x10	; 16
      000009 40                      62 	.db #0x40	; 64
      00000A 02                      63 	.db #0x02	; 2
      00000B 00                      64 	.db #0x00	; 0
      00000C 00                      65 	.db #0x00	; 0
      00000D 27                      66 	.db #0x27	; 39
      00000E 9C                      67 	.db #0x9c	; 156
      00000F 15                      68 	.db #0x15	; 21
      000010 00                      69 	.db #0x00	; 0
      000011 8B                      70 	.db #0x8b	; 139
      000012 82                      71 	.db #0x82	; 130
      000013 01                      72 	.db #0x01	; 1
      000014 00                      73 	.db #0x00	; 0
      000015 00                      74 	.db #0x00	; 0
      000016 00                      75 	.db #0x00	; 0
      000017 00                      76 	.db #0x00	; 0
      000018 25                      77 	.db #0x25	; 37
      000019 22                      78 	.db #0x22	; 34
      00001A 00                      79 	.db #0x00	; 0
      00001B 8A                      80 	.db #0x8a	; 138
      00001C 82                      81 	.db #0x82	; 130
      00001D 02                      82 	.db #0x02	; 2
      00001E 00                      83 	.db #0x00	; 0
      00001F 00                      84 	.db #0x00	; 0
      000020 00                      85 	.db #0x00	; 0
      000021 00                      86 	.db #0x00	; 0
      000022 22                      87 	.db #0x22	; 34
      000023 22                      88 	.db #0x22	; 34
      000024 93                      89 	.db #0x93	; 147
      000025 31                      90 	.db #0x31	; 49	'1'
      000026 8A                      91 	.db #0x8a	; 138
      000027 82                      92 	.db #0x82	; 130
      000028 01                      93 	.db #0x01	; 1
      000029 00                      94 	.db #0x00	; 0
      00002A 00                      95 	.db #0x00	; 0
      00002B 00                      96 	.db #0x00	; 0
      00002C 00                      97 	.db #0x00	; 0
      00002D 00                      98 	.db #0x00	; 0
      00002E 00                      99 	.db #0x00	; 0
      00002F 00                     100 	.db #0x00	; 0
      000030 00                     101 	.db #0x00	; 0
      000031 00                     102 	.db #0x00	; 0
      000032 00                     103 	.db #0x00	; 0
      000033 00                     104 	.db #0x00	; 0
      000034 00                     105 	.db #0x00	; 0
      000035 20                     106 	.db #0x20	; 32
      000036 20                     107 	.db #0x20	; 32
      000037 00                     108 	.db #0x00	; 0
      000038 8B                     109 	.db #0x8b	; 139
      000039 82                     110 	.db #0x82	; 130
      00003A 01                     111 	.db #0x01	; 1
      00003B 00                     112 	.db #0x00	; 0
      00003C 00                     113 	.db #0x00	; 0
      00003D 00                     114 	.db #0x00	; 0
      00003E 00                     115 	.db #0x00	; 0
      00003F 98                     116 	.db #0x98	; 152
      000040 27                     117 	.db #0x27	; 39
      000041 00                     118 	.db #0x00	; 0
      000042 90                     119 	.db #0x90	; 144
      000043 31                     120 	.db #0x31	; 49	'1'
      000044 8A                     121 	.db #0x8a	; 138
      000045 82                     122 	.db #0x82	; 130
      000046 03                     123 	.db #0x03	; 3
      000047 00                     124 	.db #0x00	; 0
      000048 00                     125 	.db #0x00	; 0
      000049 00                     126 	.db #0x00	; 0
      00004A 00                     127 	.db #0x00	; 0
      00004B 00                     128 	.db #0x00	; 0
      00004C 98                     129 	.db #0x98	; 152
      00004D 15                     130 	.db #0x15	; 21
      00004E 00                     131 	.db #0x00	; 0
      00004F 8B                     132 	.db #0x8b	; 139
      000050 82                     133 	.db #0x82	; 130
      000051 01                     134 	.db #0x01	; 1
      000052 00                     135 	.db #0x00	; 0
      000053 00                     136 	.db #0x00	; 0
      000054 00                     137 	.db #0x00	; 0
      000055 00                     138 	.db #0x00	; 0
      000056 9A                     139 	.db #0x9a	; 154
      000057 2A                     140 	.db #0x2a	; 42
      000058 22                     141 	.db #0x22	; 34
      000059 00                     142 	.db #0x00	; 0
      00005A 8A                     143 	.db #0x8a	; 138
      00005B 82                     144 	.db #0x82	; 130
      00005C 02                     145 	.db #0x02	; 2
      00005D 00                     146 	.db #0x00	; 0
      00005E 00                     147 	.db #0x00	; 0
      00005F 20                     148 	.db #0x20	; 32
      000060 00                     149 	.db #0x00	; 0
      000061 27                     150 	.db #0x27	; 39
      000062 9A                     151 	.db #0x9a	; 154
      000063 15                     152 	.db #0x15	; 21
      000064 00                     153 	.db #0x00	; 0
      000065 8B                     154 	.db #0x8b	; 139
      000066 82                     155 	.db #0x82	; 130
      000067 01                     156 	.db #0x01	; 1
      000068 00                     157 	.db #0x00	; 0
      000069 00                     158 	.db #0x00	; 0
      00006A 00                     159 	.db #0x00	; 0
      00006B 00                     160 	.db #0x00	; 0
      00006C 25                     161 	.db #0x25	; 37
      00006D 22                     162 	.db #0x22	; 34
      00006E 00                     163 	.db #0x00	; 0
      00006F 8A                     164 	.db #0x8a	; 138
      000070 82                     165 	.db #0x82	; 130
      000071 02                     166 	.db #0x02	; 2
      000072 00                     167 	.db #0x00	; 0
      000073 00                     168 	.db #0x00	; 0
      000074 00                     169 	.db #0x00	; 0
      000075 00                     170 	.db #0x00	; 0
      000076 22                     171 	.db #0x22	; 34
      000077 22                     172 	.db #0x22	; 34
      000078 8E                     173 	.db #0x8e	; 142
      000079 31                     174 	.db #0x31	; 49	'1'
      00007A 8A                     175 	.db #0x8a	; 138
      00007B 82                     176 	.db #0x82	; 130
      00007C 01                     177 	.db #0x01	; 1
      00007D 00                     178 	.db #0x00	; 0
      00007E 00                     179 	.db #0x00	; 0
      00007F 00                     180 	.db #0x00	; 0
      000080 00                     181 	.db #0x00	; 0
      000081 00                     182 	.db #0x00	; 0
      000082 00                     183 	.db #0x00	; 0
      000083 00                     184 	.db #0x00	; 0
      000084 00                     185 	.db #0x00	; 0
      000085 00                     186 	.db #0x00	; 0
      000086 00                     187 	.db #0x00	; 0
      000087 00                     188 	.db #0x00	; 0
      000088 00                     189 	.db #0x00	; 0
      000089 20                     190 	.db #0x20	; 32
      00008A 20                     191 	.db #0x20	; 32
      00008B 00                     192 	.db #0x00	; 0
      00008C 8B                     193 	.db #0x8b	; 139
      00008D 82                     194 	.db #0x82	; 130
      00008E 01                     195 	.db #0x01	; 1
      00008F 00                     196 	.db #0x00	; 0
      000090 00                     197 	.db #0x00	; 0
      000091 00                     198 	.db #0x00	; 0
      000092 00                     199 	.db #0x00	; 0
      000093 98                     200 	.db #0x98	; 152
      000094 27                     201 	.db #0x27	; 39
      000095 00                     202 	.db #0x00	; 0
      000096 90                     203 	.db #0x90	; 144
      000097 31                     204 	.db #0x31	; 49	'1'
      000098 8A                     205 	.db #0x8a	; 138
      000099 82                     206 	.db #0x82	; 130
      00009A 03                     207 	.db #0x03	; 3
      00009B 00                     208 	.db #0x00	; 0
      00009C 00                     209 	.db #0x00	; 0
      00009D 00                     210 	.db #0x00	; 0
      00009E 00                     211 	.db #0x00	; 0
      00009F 00                     212 	.db #0x00	; 0
      0000A0 98                     213 	.db #0x98	; 152
      0000A1 15                     214 	.db #0x15	; 21
      0000A2 00                     215 	.db #0x00	; 0
      0000A3 8B                     216 	.db #0x8b	; 139
      0000A4 82                     217 	.db #0x82	; 130
      0000A5 01                     218 	.db #0x01	; 1
      0000A6 00                     219 	.db #0x00	; 0
      0000A7 00                     220 	.db #0x00	; 0
      0000A8 00                     221 	.db #0x00	; 0
      0000A9 00                     222 	.db #0x00	; 0
      0000AA 9C                     223 	.db #0x9c	; 156
      0000AB 2A                     224 	.db #0x2a	; 42
      0000AC 22                     225 	.db #0x22	; 34
      0000AD 00                     226 	.db #0x00	; 0
      0000AE 8A                     227 	.db #0x8a	; 138
      0000AF 82                     228 	.db #0x82	; 130
      0000B0 02                     229 	.db #0x02	; 2
      0000B1 00                     230 	.db #0x00	; 0
      0000B2 00                     231 	.db #0x00	; 0
      0000B3 20                     232 	.db #0x20	; 32
      0000B4 00                     233 	.db #0x00	; 0
      0000B5 27                     234 	.db #0x27	; 39
      0000B6 9C                     235 	.db #0x9c	; 156
      0000B7 15                     236 	.db #0x15	; 21
      0000B8 00                     237 	.db #0x00	; 0
      0000B9 8B                     238 	.db #0x8b	; 139
      0000BA 82                     239 	.db #0x82	; 130
      0000BB 01                     240 	.db #0x01	; 1
      0000BC 00                     241 	.db #0x00	; 0
      0000BD 00                     242 	.db #0x00	; 0
      0000BE 00                     243 	.db #0x00	; 0
      0000BF 00                     244 	.db #0x00	; 0
      0000C0 25                     245 	.db #0x25	; 37
      0000C1 22                     246 	.db #0x22	; 34
      0000C2 00                     247 	.db #0x00	; 0
      0000C3 8A                     248 	.db #0x8a	; 138
      0000C4 82                     249 	.db #0x82	; 130
      0000C5 02                     250 	.db #0x02	; 2
      0000C6 00                     251 	.db #0x00	; 0
      0000C7 00                     252 	.db #0x00	; 0
      0000C8 00                     253 	.db #0x00	; 0
      0000C9 00                     254 	.db #0x00	; 0
      0000CA 22                     255 	.db #0x22	; 34
      0000CB 22                     256 	.db #0x22	; 34
      0000CC 93                     257 	.db #0x93	; 147
      0000CD 31                     258 	.db #0x31	; 49	'1'
      0000CE 8A                     259 	.db #0x8a	; 138
      0000CF 82                     260 	.db #0x82	; 130
      0000D0 01                     261 	.db #0x01	; 1
      0000D1 00                     262 	.db #0x00	; 0
      0000D2 00                     263 	.db #0x00	; 0
      0000D3 00                     264 	.db #0x00	; 0
      0000D4 00                     265 	.db #0x00	; 0
      0000D5 00                     266 	.db #0x00	; 0
      0000D6 00                     267 	.db #0x00	; 0
      0000D7 00                     268 	.db #0x00	; 0
      0000D8 00                     269 	.db #0x00	; 0
      0000D9 00                     270 	.db #0x00	; 0
      0000DA 00                     271 	.db #0x00	; 0
      0000DB 00                     272 	.db #0x00	; 0
      0000DC 00                     273 	.db #0x00	; 0
      0000DD 20                     274 	.db #0x20	; 32
      0000DE 20                     275 	.db #0x20	; 32
      0000DF 00                     276 	.db #0x00	; 0
      0000E0 8B                     277 	.db #0x8b	; 139
      0000E1 82                     278 	.db #0x82	; 130
      0000E2 01                     279 	.db #0x01	; 1
      0000E3 00                     280 	.db #0x00	; 0
      0000E4 00                     281 	.db #0x00	; 0
      0000E5 00                     282 	.db #0x00	; 0
      0000E6 00                     283 	.db #0x00	; 0
      0000E7 98                     284 	.db #0x98	; 152
      0000E8 27                     285 	.db #0x27	; 39
      0000E9 00                     286 	.db #0x00	; 0
      0000EA 90                     287 	.db #0x90	; 144
      0000EB 31                     288 	.db #0x31	; 49	'1'
      0000EC 8A                     289 	.db #0x8a	; 138
      0000ED 82                     290 	.db #0x82	; 130
      0000EE 03                     291 	.db #0x03	; 3
      0000EF 00                     292 	.db #0x00	; 0
      0000F0 00                     293 	.db #0x00	; 0
      0000F1 00                     294 	.db #0x00	; 0
      0000F2 00                     295 	.db #0x00	; 0
      0000F3 00                     296 	.db #0x00	; 0
      0000F4 98                     297 	.db #0x98	; 152
      0000F5 15                     298 	.db #0x15	; 21
      0000F6 00                     299 	.db #0x00	; 0
      0000F7 8B                     300 	.db #0x8b	; 139
      0000F8 82                     301 	.db #0x82	; 130
      0000F9 01                     302 	.db #0x01	; 1
      0000FA 00                     303 	.db #0x00	; 0
      0000FB 00                     304 	.db #0x00	; 0
      0000FC 00                     305 	.db #0x00	; 0
      0000FD 00                     306 	.db #0x00	; 0
      0000FE 9F                     307 	.db #0x9f	; 159
      0000FF 2A                     308 	.db #0x2a	; 42
      000100 22                     309 	.db #0x22	; 34
      000101 00                     310 	.db #0x00	; 0
      000102 8A                     311 	.db #0x8a	; 138
      000103 82                     312 	.db #0x82	; 130
      000104 02                     313 	.db #0x02	; 2
      000105 00                     314 	.db #0x00	; 0
      000106 00                     315 	.db #0x00	; 0
      000107 20                     316 	.db #0x20	; 32
      000108 00                     317 	.db #0x00	; 0
      000109 27                     318 	.db #0x27	; 39
      00010A 9F                     319 	.db #0x9f	; 159
      00010B 15                     320 	.db #0x15	; 21
      00010C 00                     321 	.db #0x00	; 0
      00010D 8B                     322 	.db #0x8b	; 139
      00010E 82                     323 	.db #0x82	; 130
      00010F 01                     324 	.db #0x01	; 1
      000110 00                     325 	.db #0x00	; 0
      000111 00                     326 	.db #0x00	; 0
      000112 00                     327 	.db #0x00	; 0
      000113 00                     328 	.db #0x00	; 0
      000114 25                     329 	.db #0x25	; 37
      000115 22                     330 	.db #0x22	; 34
      000116 00                     331 	.db #0x00	; 0
      000117 8A                     332 	.db #0x8a	; 138
      000118 82                     333 	.db #0x82	; 130
      000119 02                     334 	.db #0x02	; 2
      00011A 00                     335 	.db #0x00	; 0
      00011B 00                     336 	.db #0x00	; 0
      00011C 00                     337 	.db #0x00	; 0
      00011D 00                     338 	.db #0x00	; 0
      00011E 22                     339 	.db #0x22	; 34
      00011F 22                     340 	.db #0x22	; 34
      000120 95                     341 	.db #0x95	; 149
      000121 31                     342 	.db #0x31	; 49	'1'
      000122 8A                     343 	.db #0x8a	; 138
      000123 82                     344 	.db #0x82	; 130
      000124 01                     345 	.db #0x01	; 1
      000125 00                     346 	.db #0x00	; 0
      000126 00                     347 	.db #0x00	; 0
      000127 00                     348 	.db #0x00	; 0
      000128 00                     349 	.db #0x00	; 0
      000129 00                     350 	.db #0x00	; 0
      00012A 00                     351 	.db #0x00	; 0
      00012B 00                     352 	.db #0x00	; 0
      00012C 8A                     353 	.db #0x8a	; 138
      00012D 82                     354 	.db #0x82	; 130
      00012E 01                     355 	.db #0x01	; 1
      00012F 00                     356 	.db #0x00	; 0
      000130 00                     357 	.db #0x00	; 0
      000131 00                     358 	.db #0x00	; 0
      000132 00                     359 	.db #0x00	; 0
      000133 20                     360 	.db #0x20	; 32
      000134 20                     361 	.db #0x20	; 32
      000135 00                     362 	.db #0x00	; 0
      000136 8B                     363 	.db #0x8b	; 139
      000137 82                     364 	.db #0x82	; 130
      000138 01                     365 	.db #0x01	; 1
      000139 00                     366 	.db #0x00	; 0
      00013A 00                     367 	.db #0x00	; 0
      00013B 00                     368 	.db #0x00	; 0
      00013C 00                     369 	.db #0x00	; 0
      00013D 98                     370 	.db #0x98	; 152
      00013E 27                     371 	.db #0x27	; 39
      00013F 00                     372 	.db #0x00	; 0
      000140 8C                     373 	.db #0x8c	; 140
      000141 31                     374 	.db #0x31	; 49	'1'
      000142 8A                     375 	.db #0x8a	; 138
      000143 82                     376 	.db #0x82	; 130
      000144 03                     377 	.db #0x03	; 3
      000145 00                     378 	.db #0x00	; 0
      000146 00                     379 	.db #0x00	; 0
      000147 00                     380 	.db #0x00	; 0
      000148 00                     381 	.db #0x00	; 0
      000149 00                     382 	.db #0x00	; 0
      00014A 98                     383 	.db #0x98	; 152
      00014B 15                     384 	.db #0x15	; 21
      00014C 00                     385 	.db #0x00	; 0
      00014D 8A                     386 	.db #0x8a	; 138
      00014E 82                     387 	.db #0x82	; 130
      00014F 03                     388 	.db #0x03	; 3
      000150 40                     389 	.db #0x40	; 64
      000151 10                     390 	.db #0x10	; 16
      000152 40                     391 	.db #0x40	; 64
      000153 02                     392 	.db #0x02	; 2
      000154 00                     393 	.db #0x00	; 0
      000155 00                     394 	.db #0x00	; 0
                                    395 	.area _CABS (ABS)
