                                      1 ;--------------------------------------------------------
                                      2 ; File Created by SDCC : free open source ANSI-C Compiler
                                      3 ; Version 4.0.7 #12016 (MINGW64)
                                      4 ;--------------------------------------------------------
                                      5 	.module output_intro
                                      6 	.optsdcc -mgbz80
                                      7 	
                                      8 ;--------------------------------------------------------
                                      9 ; Public variables in this module
                                     10 ;--------------------------------------------------------
                                     11 	.globl _song_intro0
                                     12 	.globl _song_intro_Data
                                     13 ;--------------------------------------------------------
                                     14 ; special function registers
                                     15 ;--------------------------------------------------------
                                     16 ;--------------------------------------------------------
                                     17 ; ram data
                                     18 ;--------------------------------------------------------
                                     19 	.area _DATA
      000000                         20 _song_intro_Data::
      000000                         21 	.ds 4
                                     22 ;--------------------------------------------------------
                                     23 ; absolute external ram data
                                     24 ;--------------------------------------------------------
                                     25 	.area _DABS (ABS)
                                     26 ;--------------------------------------------------------
                                     27 ; global & static initialisations
                                     28 ;--------------------------------------------------------
                                     29 	.area _HOME
                                     30 	.area _GSINIT
                                     31 	.area _GSFINAL
                                     32 	.area _GSINIT
                                     33 ;music\output\output_intro.c:73: const unsigned char * song_intro_Data[] = {
      000000 21r00r00                34 	ld	hl, #_song_intro_Data
      000003 3Er00                   35 	ld	a, #<(_song_intro0)
      000005 22                      36 	ld	(hl+), a
      000006 36s00                   37 	ld	(hl), #>(_song_intro0)
      000008 21r02r00                38 	ld	hl, #(_song_intro_Data + 0x0002)
      00000B AF                      39 	xor	a, a
      00000C 22                      40 	ld	(hl+), a
      00000D 77                      41 	ld	(hl), a
                                     42 ;--------------------------------------------------------
                                     43 ; Home
                                     44 ;--------------------------------------------------------
                                     45 	.area _HOME
                                     46 	.area _HOME
                                     47 ;--------------------------------------------------------
                                     48 ; code
                                     49 ;--------------------------------------------------------
                                     50 	.area _CODE
                                     51 	.area _CODE
      000000                         52 _song_intro0:
      000000 9C                      53 	.db #0x9c	; 156
      000001 2A                      54 	.db #0x2a	; 42
      000002 00                      55 	.db #0x00	; 0
      000003 20                      56 	.db #0x20	; 32
      000004 00                      57 	.db #0x00	; 0
      000005 00                      58 	.db #0x00	; 0
      000006 00                      59 	.db #0x00	; 0
      000007 00                      60 	.db #0x00	; 0
      000008 00                      61 	.db #0x00	; 0
      000009 27                      62 	.db #0x27	; 39
      00000A 9C                      63 	.db #0x9c	; 156
      00000B 15                      64 	.db #0x15	; 21
      00000C 00                      65 	.db #0x00	; 0
      00000D 00                      66 	.db #0x00	; 0
      00000E 00                      67 	.db #0x00	; 0
      00000F 00                      68 	.db #0x00	; 0
      000010 00                      69 	.db #0x00	; 0
      000011 00                      70 	.db #0x00	; 0
      000012 25                      71 	.db #0x25	; 37
      000013 22                      72 	.db #0x22	; 34
      000014 00                      73 	.db #0x00	; 0
      000015 00                      74 	.db #0x00	; 0
      000016 00                      75 	.db #0x00	; 0
      000017 00                      76 	.db #0x00	; 0
      000018 00                      77 	.db #0x00	; 0
      000019 00                      78 	.db #0x00	; 0
      00001A 22                      79 	.db #0x22	; 34
      00001B 22                      80 	.db #0x22	; 34
      00001C 93                      81 	.db #0x93	; 147
      00001D 31                      82 	.db #0x31	; 49	'1'
      00001E 00                      83 	.db #0x00	; 0
      00001F 00                      84 	.db #0x00	; 0
      000020 00                      85 	.db #0x00	; 0
      000021 00                      86 	.db #0x00	; 0
      000022 00                      87 	.db #0x00	; 0
      000023 00                      88 	.db #0x00	; 0
      000024 00                      89 	.db #0x00	; 0
      000025 00                      90 	.db #0x00	; 0
      000026 00                      91 	.db #0x00	; 0
      000027 00                      92 	.db #0x00	; 0
      000028 00                      93 	.db #0x00	; 0
      000029 00                      94 	.db #0x00	; 0
      00002A 00                      95 	.db #0x00	; 0
      00002B 20                      96 	.db #0x20	; 32
      00002C 20                      97 	.db #0x20	; 32
      00002D 00                      98 	.db #0x00	; 0
      00002E 00                      99 	.db #0x00	; 0
      00002F 00                     100 	.db #0x00	; 0
      000030 00                     101 	.db #0x00	; 0
      000031 00                     102 	.db #0x00	; 0
      000032 00                     103 	.db #0x00	; 0
      000033 98                     104 	.db #0x98	; 152
      000034 27                     105 	.db #0x27	; 39
      000035 00                     106 	.db #0x00	; 0
      000036 20                     107 	.db #0x20	; 32
      000037 00                     108 	.db #0x00	; 0
      000038 00                     109 	.db #0x00	; 0
      000039 00                     110 	.db #0x00	; 0
      00003A 00                     111 	.db #0x00	; 0
      00003B 00                     112 	.db #0x00	; 0
      00003C 00                     113 	.db #0x00	; 0
      00003D 98                     114 	.db #0x98	; 152
      00003E 15                     115 	.db #0x15	; 21
      00003F 00                     116 	.db #0x00	; 0
      000040 00                     117 	.db #0x00	; 0
      000041 00                     118 	.db #0x00	; 0
      000042 00                     119 	.db #0x00	; 0
      000043 00                     120 	.db #0x00	; 0
      000044 00                     121 	.db #0x00	; 0
      000045 9A                     122 	.db #0x9a	; 154
      000046 2A                     123 	.db #0x2a	; 42
      000047 22                     124 	.db #0x22	; 34
      000048 00                     125 	.db #0x00	; 0
      000049 00                     126 	.db #0x00	; 0
      00004A 00                     127 	.db #0x00	; 0
      00004B 00                     128 	.db #0x00	; 0
      00004C 00                     129 	.db #0x00	; 0
      00004D 00                     130 	.db #0x00	; 0
      00004E 27                     131 	.db #0x27	; 39
      00004F 9A                     132 	.db #0x9a	; 154
      000050 15                     133 	.db #0x15	; 21
      000051 00                     134 	.db #0x00	; 0
      000052 00                     135 	.db #0x00	; 0
      000053 00                     136 	.db #0x00	; 0
      000054 00                     137 	.db #0x00	; 0
      000055 00                     138 	.db #0x00	; 0
      000056 00                     139 	.db #0x00	; 0
      000057 25                     140 	.db #0x25	; 37
      000058 22                     141 	.db #0x22	; 34
      000059 00                     142 	.db #0x00	; 0
      00005A 00                     143 	.db #0x00	; 0
      00005B 00                     144 	.db #0x00	; 0
      00005C 00                     145 	.db #0x00	; 0
      00005D 00                     146 	.db #0x00	; 0
      00005E 00                     147 	.db #0x00	; 0
      00005F 22                     148 	.db #0x22	; 34
      000060 22                     149 	.db #0x22	; 34
      000061 8E                     150 	.db #0x8e	; 142
      000062 31                     151 	.db #0x31	; 49	'1'
      000063 00                     152 	.db #0x00	; 0
      000064 00                     153 	.db #0x00	; 0
      000065 00                     154 	.db #0x00	; 0
      000066 00                     155 	.db #0x00	; 0
      000067 00                     156 	.db #0x00	; 0
      000068 00                     157 	.db #0x00	; 0
      000069 00                     158 	.db #0x00	; 0
      00006A 00                     159 	.db #0x00	; 0
      00006B 00                     160 	.db #0x00	; 0
      00006C 00                     161 	.db #0x00	; 0
      00006D 00                     162 	.db #0x00	; 0
      00006E 00                     163 	.db #0x00	; 0
      00006F 00                     164 	.db #0x00	; 0
      000070 20                     165 	.db #0x20	; 32
      000071 20                     166 	.db #0x20	; 32
      000072 00                     167 	.db #0x00	; 0
      000073 00                     168 	.db #0x00	; 0
      000074 00                     169 	.db #0x00	; 0
      000075 00                     170 	.db #0x00	; 0
      000076 00                     171 	.db #0x00	; 0
      000077 00                     172 	.db #0x00	; 0
      000078 98                     173 	.db #0x98	; 152
      000079 27                     174 	.db #0x27	; 39
      00007A 00                     175 	.db #0x00	; 0
      00007B 20                     176 	.db #0x20	; 32
      00007C 00                     177 	.db #0x00	; 0
      00007D 00                     178 	.db #0x00	; 0
      00007E 00                     179 	.db #0x00	; 0
      00007F 00                     180 	.db #0x00	; 0
      000080 00                     181 	.db #0x00	; 0
      000081 00                     182 	.db #0x00	; 0
      000082 98                     183 	.db #0x98	; 152
      000083 15                     184 	.db #0x15	; 21
      000084 00                     185 	.db #0x00	; 0
      000085 00                     186 	.db #0x00	; 0
      000086 00                     187 	.db #0x00	; 0
      000087 00                     188 	.db #0x00	; 0
      000088 00                     189 	.db #0x00	; 0
      000089 00                     190 	.db #0x00	; 0
      00008A 9C                     191 	.db #0x9c	; 156
      00008B 2A                     192 	.db #0x2a	; 42
      00008C 22                     193 	.db #0x22	; 34
      00008D 00                     194 	.db #0x00	; 0
      00008E 00                     195 	.db #0x00	; 0
      00008F 00                     196 	.db #0x00	; 0
      000090 00                     197 	.db #0x00	; 0
      000091 00                     198 	.db #0x00	; 0
      000092 00                     199 	.db #0x00	; 0
      000093 27                     200 	.db #0x27	; 39
      000094 9C                     201 	.db #0x9c	; 156
      000095 15                     202 	.db #0x15	; 21
      000096 00                     203 	.db #0x00	; 0
      000097 00                     204 	.db #0x00	; 0
      000098 00                     205 	.db #0x00	; 0
      000099 00                     206 	.db #0x00	; 0
      00009A 00                     207 	.db #0x00	; 0
      00009B 00                     208 	.db #0x00	; 0
      00009C 25                     209 	.db #0x25	; 37
      00009D 22                     210 	.db #0x22	; 34
      00009E 00                     211 	.db #0x00	; 0
      00009F 00                     212 	.db #0x00	; 0
      0000A0 00                     213 	.db #0x00	; 0
      0000A1 00                     214 	.db #0x00	; 0
      0000A2 00                     215 	.db #0x00	; 0
      0000A3 00                     216 	.db #0x00	; 0
      0000A4 22                     217 	.db #0x22	; 34
      0000A5 22                     218 	.db #0x22	; 34
      0000A6 90                     219 	.db #0x90	; 144
      0000A7 31                     220 	.db #0x31	; 49	'1'
      0000A8 00                     221 	.db #0x00	; 0
      0000A9 00                     222 	.db #0x00	; 0
      0000AA 00                     223 	.db #0x00	; 0
      0000AB 00                     224 	.db #0x00	; 0
      0000AC 00                     225 	.db #0x00	; 0
      0000AD 00                     226 	.db #0x00	; 0
      0000AE 00                     227 	.db #0x00	; 0
      0000AF 00                     228 	.db #0x00	; 0
      0000B0 00                     229 	.db #0x00	; 0
      0000B1 00                     230 	.db #0x00	; 0
      0000B2 00                     231 	.db #0x00	; 0
      0000B3 00                     232 	.db #0x00	; 0
      0000B4 00                     233 	.db #0x00	; 0
      0000B5 20                     234 	.db #0x20	; 32
      0000B6 20                     235 	.db #0x20	; 32
      0000B7 00                     236 	.db #0x00	; 0
      0000B8 00                     237 	.db #0x00	; 0
      0000B9 00                     238 	.db #0x00	; 0
      0000BA 00                     239 	.db #0x00	; 0
      0000BB 00                     240 	.db #0x00	; 0
      0000BC 00                     241 	.db #0x00	; 0
      0000BD 98                     242 	.db #0x98	; 152
      0000BE 27                     243 	.db #0x27	; 39
      0000BF 00                     244 	.db #0x00	; 0
      0000C0 20                     245 	.db #0x20	; 32
      0000C1 00                     246 	.db #0x00	; 0
      0000C2 00                     247 	.db #0x00	; 0
      0000C3 00                     248 	.db #0x00	; 0
      0000C4 00                     249 	.db #0x00	; 0
      0000C5 00                     250 	.db #0x00	; 0
      0000C6 00                     251 	.db #0x00	; 0
      0000C7 98                     252 	.db #0x98	; 152
      0000C8 15                     253 	.db #0x15	; 21
      0000C9 00                     254 	.db #0x00	; 0
      0000CA 00                     255 	.db #0x00	; 0
      0000CB 00                     256 	.db #0x00	; 0
      0000CC 00                     257 	.db #0x00	; 0
      0000CD 00                     258 	.db #0x00	; 0
      0000CE 00                     259 	.db #0x00	; 0
      0000CF 9F                     260 	.db #0x9f	; 159
      0000D0 2A                     261 	.db #0x2a	; 42
      0000D1 22                     262 	.db #0x22	; 34
      0000D2 00                     263 	.db #0x00	; 0
      0000D3 00                     264 	.db #0x00	; 0
      0000D4 00                     265 	.db #0x00	; 0
      0000D5 00                     266 	.db #0x00	; 0
      0000D6 00                     267 	.db #0x00	; 0
      0000D7 00                     268 	.db #0x00	; 0
      0000D8 27                     269 	.db #0x27	; 39
      0000D9 9F                     270 	.db #0x9f	; 159
      0000DA 15                     271 	.db #0x15	; 21
      0000DB 00                     272 	.db #0x00	; 0
      0000DC 00                     273 	.db #0x00	; 0
      0000DD 00                     274 	.db #0x00	; 0
      0000DE 00                     275 	.db #0x00	; 0
      0000DF 00                     276 	.db #0x00	; 0
      0000E0 00                     277 	.db #0x00	; 0
      0000E1 25                     278 	.db #0x25	; 37
      0000E2 22                     279 	.db #0x22	; 34
      0000E3 00                     280 	.db #0x00	; 0
      0000E4 00                     281 	.db #0x00	; 0
      0000E5 00                     282 	.db #0x00	; 0
      0000E6 00                     283 	.db #0x00	; 0
      0000E7 00                     284 	.db #0x00	; 0
      0000E8 00                     285 	.db #0x00	; 0
      0000E9 22                     286 	.db #0x22	; 34
      0000EA 22                     287 	.db #0x22	; 34
      0000EB 8C                     288 	.db #0x8c	; 140
      0000EC 31                     289 	.db #0x31	; 49	'1'
      0000ED 00                     290 	.db #0x00	; 0
      0000EE 00                     291 	.db #0x00	; 0
      0000EF 00                     292 	.db #0x00	; 0
      0000F0 00                     293 	.db #0x00	; 0
      0000F1 00                     294 	.db #0x00	; 0
      0000F2 00                     295 	.db #0x00	; 0
      0000F3 00                     296 	.db #0x00	; 0
      0000F4 00                     297 	.db #0x00	; 0
      0000F5 00                     298 	.db #0x00	; 0
      0000F6 00                     299 	.db #0x00	; 0
      0000F7 00                     300 	.db #0x00	; 0
      0000F8 00                     301 	.db #0x00	; 0
      0000F9 00                     302 	.db #0x00	; 0
      0000FA 20                     303 	.db #0x20	; 32
      0000FB 20                     304 	.db #0x20	; 32
      0000FC 00                     305 	.db #0x00	; 0
      0000FD 00                     306 	.db #0x00	; 0
      0000FE 00                     307 	.db #0x00	; 0
      0000FF 00                     308 	.db #0x00	; 0
      000100 00                     309 	.db #0x00	; 0
      000101 00                     310 	.db #0x00	; 0
      000102 98                     311 	.db #0x98	; 152
      000103 27                     312 	.db #0x27	; 39
      000104 00                     313 	.db #0x00	; 0
      000105 20                     314 	.db #0x20	; 32
      000106 00                     315 	.db #0x00	; 0
      000107 00                     316 	.db #0x00	; 0
      000108 00                     317 	.db #0x00	; 0
      000109 00                     318 	.db #0x00	; 0
      00010A 00                     319 	.db #0x00	; 0
      00010B 00                     320 	.db #0x00	; 0
      00010C 98                     321 	.db #0x98	; 152
      00010D 15                     322 	.db #0x15	; 21
      00010E 00                     323 	.db #0x00	; 0
      00010F 00                     324 	.db #0x00	; 0
      000110 00                     325 	.db #0x00	; 0
      000111 00                     326 	.db #0x00	; 0
      000112 00                     327 	.db #0x00	; 0
      000113 00                     328 	.db #0x00	; 0
                                    329 	.area _CABS (ABS)
