                                      1 ;--------------------------------------------------------
                                      2 ; File Created by SDCC : free open source ANSI-C Compiler
                                      3 ; Version 4.0.7 #12016 (MINGW64)
                                      4 ;--------------------------------------------------------
                                      5 	.module output_gameplay
                                      6 	.optsdcc -mgbz80
                                      7 	
                                      8 ;--------------------------------------------------------
                                      9 ; Public variables in this module
                                     10 ;--------------------------------------------------------
                                     11 	.globl _song_gameplay0
                                     12 	.globl _song_gameplay_Data
                                     13 ;--------------------------------------------------------
                                     14 ; special function registers
                                     15 ;--------------------------------------------------------
                                     16 ;--------------------------------------------------------
                                     17 ; ram data
                                     18 ;--------------------------------------------------------
                                     19 	.area _DATA
      000000                         20 _song_gameplay_Data::
      000000                         21 	.ds 4
                                     22 ;--------------------------------------------------------
                                     23 ; absolute external ram data
                                     24 ;--------------------------------------------------------
                                     25 	.area _DABS (ABS)
                                     26 ;--------------------------------------------------------
                                     27 ; global & static initialisations
                                     28 ;--------------------------------------------------------
                                     29 	.area _HOME
                                     30 	.area _GSINIT
                                     31 	.area _GSFINAL
                                     32 	.area _GSINIT
                                     33 ;music\output\output_gameplay.c:73: const unsigned char * song_gameplay_Data[] = {
      000000 21r00r00                34 	ld	hl, #_song_gameplay_Data
      000003 36r00                   35 	ld	(hl), #<(_song_gameplay0)
      000005 23                      36 	inc	hl
      000006 36s00                   37 	ld	(hl), #>(_song_gameplay0)
      000008 21r02r00                38 	ld	hl, #(_song_gameplay_Data + 0x0002)
      00000B AF                      39 	xor	a, a
      00000C 22                      40 	ld	(hl+), a
      00000D 77                      41 	ld	(hl), a
                                     42 ;--------------------------------------------------------
                                     43 ; Home
                                     44 ;--------------------------------------------------------
                                     45 	.area _HOME
                                     46 	.area _HOME
                                     47 ;--------------------------------------------------------
                                     48 ; code
                                     49 ;--------------------------------------------------------
                                     50 	.area _CODE
                                     51 	.area _CODE
      000000                         52 _song_gameplay0:
      000000 00                      53 	.db #0x00	; 0
      000001 87                      54 	.db #0x87	; 135
      000002 18                      55 	.db #0x18	; 24
      000003 00                      56 	.db #0x00	; 0
      000004 8A                      57 	.db #0x8a	; 138
      000005 82                      58 	.db #0x82	; 130
      000006 02                      59 	.db #0x02	; 2
      000007 00                      60 	.db #0x00	; 0
      000008 24                      61 	.db #0x24	; 36
      000009 00                      62 	.db #0x00	; 0
      00000A 00                      63 	.db #0x00	; 0
      00000B 00                      64 	.db #0x00	; 0
      00000C 87                      65 	.db #0x87	; 135
      00000D 18                      66 	.db #0x18	; 24
      00000E 00                      67 	.db #0x00	; 0
      00000F 8B                      68 	.db #0x8b	; 139
      000010 82                      69 	.db #0x82	; 130
      000011 01                      70 	.db #0x01	; 1
      000012 00                      71 	.db #0x00	; 0
      000013 24                      72 	.db #0x24	; 36
      000014 00                      73 	.db #0x00	; 0
      000015 00                      74 	.db #0x00	; 0
      000016 9A                      75 	.db #0x9a	; 154
      000017 3A                      76 	.db #0x3a	; 58
      000018 20                      77 	.db #0x20	; 32
      000019 00                      78 	.db #0x00	; 0
      00001A 8A                      79 	.db #0x8a	; 138
      00001B 82                      80 	.db #0x82	; 130
      00001C 02                      81 	.db #0x02	; 2
      00001D 20                      82 	.db #0x20	; 32
      00001E 00                      83 	.db #0x00	; 0
      00001F 00                      84 	.db #0x00	; 0
      000020 00                      85 	.db #0x00	; 0
      000021 00                      86 	.db #0x00	; 0
      000022 85                      87 	.db #0x85	; 133
      000023 18                      88 	.db #0x18	; 24
      000024 00                      89 	.db #0x00	; 0
      000025 8A                      90 	.db #0x8a	; 138
      000026 82                      91 	.db #0x82	; 130
      000027 01                      92 	.db #0x01	; 1
      000028 00                      93 	.db #0x00	; 0
      000029 24                      94 	.db #0x24	; 36
      00002A 00                      95 	.db #0x00	; 0
      00002B 00                      96 	.db #0x00	; 0
      00002C 9A                      97 	.db #0x9a	; 154
      00002D 3A                      98 	.db #0x3a	; 58
      00002E 87                      99 	.db #0x87	; 135
      00002F 18                     100 	.db #0x18	; 24
      000030 00                     101 	.db #0x00	; 0
      000031 00                     102 	.db #0x00	; 0
      000032 00                     103 	.db #0x00	; 0
      000033 24                     104 	.db #0x24	; 36
      000034 00                     105 	.db #0x00	; 0
      000035 00                     106 	.db #0x00	; 0
      000036 00                     107 	.db #0x00	; 0
      000037 87                     108 	.db #0x87	; 135
      000038 18                     109 	.db #0x18	; 24
      000039 00                     110 	.db #0x00	; 0
      00003A 8B                     111 	.db #0x8b	; 139
      00003B 82                     112 	.db #0x82	; 130
      00003C 01                     113 	.db #0x01	; 1
      00003D 00                     114 	.db #0x00	; 0
      00003E 24                     115 	.db #0x24	; 36
      00003F 00                     116 	.db #0x00	; 0
      000040 00                     117 	.db #0x00	; 0
      000041 00                     118 	.db #0x00	; 0
      000042 20                     119 	.db #0x20	; 32
      000043 00                     120 	.db #0x00	; 0
      000044 8A                     121 	.db #0x8a	; 138
      000045 82                     122 	.db #0x82	; 130
      000046 02                     123 	.db #0x02	; 2
      000047 00                     124 	.db #0x00	; 0
      000048 00                     125 	.db #0x00	; 0
      000049 00                     126 	.db #0x00	; 0
      00004A 00                     127 	.db #0x00	; 0
      00004B 00                     128 	.db #0x00	; 0
      00004C 85                     129 	.db #0x85	; 133
      00004D 18                     130 	.db #0x18	; 24
      00004E 00                     131 	.db #0x00	; 0
      00004F 8A                     132 	.db #0x8a	; 138
      000050 82                     133 	.db #0x82	; 130
      000051 02                     134 	.db #0x02	; 2
      000052 00                     135 	.db #0x00	; 0
      000053 24                     136 	.db #0x24	; 36
      000054 00                     137 	.db #0x00	; 0
      000055 00                     138 	.db #0x00	; 0
      000056 98                     139 	.db #0x98	; 152
      000057 3A                     140 	.db #0x3a	; 58
      000058 87                     141 	.db #0x87	; 135
      000059 18                     142 	.db #0x18	; 24
      00005A 00                     143 	.db #0x00	; 0
      00005B 8A                     144 	.db #0x8a	; 138
      00005C 82                     145 	.db #0x82	; 130
      00005D 02                     146 	.db #0x02	; 2
      00005E 00                     147 	.db #0x00	; 0
      00005F 24                     148 	.db #0x24	; 36
      000060 00                     149 	.db #0x00	; 0
      000061 00                     150 	.db #0x00	; 0
      000062 9A                     151 	.db #0x9a	; 154
      000063 3A                     152 	.db #0x3a	; 58
      000064 87                     153 	.db #0x87	; 135
      000065 18                     154 	.db #0x18	; 24
      000066 00                     155 	.db #0x00	; 0
      000067 8B                     156 	.db #0x8b	; 139
      000068 82                     157 	.db #0x82	; 130
      000069 01                     158 	.db #0x01	; 1
      00006A 20                     159 	.db #0x20	; 32
      00006B 24                     160 	.db #0x24	; 36
      00006C 00                     161 	.db #0x00	; 0
      00006D 00                     162 	.db #0x00	; 0
      00006E 00                     163 	.db #0x00	; 0
      00006F 20                     164 	.db #0x20	; 32
      000070 00                     165 	.db #0x00	; 0
      000071 8A                     166 	.db #0x8a	; 138
      000072 82                     167 	.db #0x82	; 130
      000073 02                     168 	.db #0x02	; 2
      000074 00                     169 	.db #0x00	; 0
      000075 00                     170 	.db #0x00	; 0
      000076 00                     171 	.db #0x00	; 0
      000077 00                     172 	.db #0x00	; 0
      000078 2A                     173 	.db #0x2a	; 42
      000079 85                     174 	.db #0x85	; 133
      00007A 18                     175 	.db #0x18	; 24
      00007B 00                     176 	.db #0x00	; 0
      00007C 8A                     177 	.db #0x8a	; 138
      00007D 82                     178 	.db #0x82	; 130
      00007E 01                     179 	.db #0x01	; 1
      00007F 00                     180 	.db #0x00	; 0
      000080 24                     181 	.db #0x24	; 36
      000081 00                     182 	.db #0x00	; 0
      000082 00                     183 	.db #0x00	; 0
      000083 00                     184 	.db #0x00	; 0
      000084 87                     185 	.db #0x87	; 135
      000085 18                     186 	.db #0x18	; 24
      000086 00                     187 	.db #0x00	; 0
      000087 00                     188 	.db #0x00	; 0
      000088 00                     189 	.db #0x00	; 0
      000089 24                     190 	.db #0x24	; 36
      00008A 00                     191 	.db #0x00	; 0
      00008B 00                     192 	.db #0x00	; 0
      00008C 00                     193 	.db #0x00	; 0
      00008D 85                     194 	.db #0x85	; 133
      00008E 18                     195 	.db #0x18	; 24
      00008F 00                     196 	.db #0x00	; 0
      000090 8B                     197 	.db #0x8b	; 139
      000091 82                     198 	.db #0x82	; 130
      000092 01                     199 	.db #0x01	; 1
      000093 00                     200 	.db #0x00	; 0
      000094 24                     201 	.db #0x24	; 36
      000095 00                     202 	.db #0x00	; 0
      000096 00                     203 	.db #0x00	; 0
      000097 00                     204 	.db #0x00	; 0
      000098 82                     205 	.db #0x82	; 130
      000099 18                     206 	.db #0x18	; 24
      00009A 00                     207 	.db #0x00	; 0
      00009B 8A                     208 	.db #0x8a	; 138
      00009C 82                     209 	.db #0x82	; 130
      00009D 02                     210 	.db #0x02	; 2
      00009E 00                     211 	.db #0x00	; 0
      00009F 24                     212 	.db #0x24	; 36
      0000A0 00                     213 	.db #0x00	; 0
      0000A1 00                     214 	.db #0x00	; 0
      0000A2 00                     215 	.db #0x00	; 0
      0000A3 85                     216 	.db #0x85	; 133
      0000A4 18                     217 	.db #0x18	; 24
      0000A5 00                     218 	.db #0x00	; 0
      0000A6 8A                     219 	.db #0x8a	; 138
      0000A7 82                     220 	.db #0x82	; 130
      0000A8 02                     221 	.db #0x02	; 2
      0000A9 00                     222 	.db #0x00	; 0
      0000AA 24                     223 	.db #0x24	; 36
      0000AB 00                     224 	.db #0x00	; 0
      0000AC 00                     225 	.db #0x00	; 0
      0000AD 9D                     226 	.db #0x9d	; 157
      0000AE 3A                     227 	.db #0x3a	; 58
      0000AF 87                     228 	.db #0x87	; 135
      0000B0 18                     229 	.db #0x18	; 24
      0000B1 00                     230 	.db #0x00	; 0
      0000B2 8A                     231 	.db #0x8a	; 138
      0000B3 82                     232 	.db #0x82	; 130
      0000B4 02                     233 	.db #0x02	; 2
      0000B5 00                     234 	.db #0x00	; 0
      0000B6 24                     235 	.db #0x24	; 36
      0000B7 00                     236 	.db #0x00	; 0
      0000B8 00                     237 	.db #0x00	; 0
      0000B9 00                     238 	.db #0x00	; 0
      0000BA 87                     239 	.db #0x87	; 135
      0000BB 18                     240 	.db #0x18	; 24
      0000BC 00                     241 	.db #0x00	; 0
      0000BD 8B                     242 	.db #0x8b	; 139
      0000BE 82                     243 	.db #0x82	; 130
      0000BF 01                     244 	.db #0x01	; 1
      0000C0 00                     245 	.db #0x00	; 0
      0000C1 24                     246 	.db #0x24	; 36
      0000C2 00                     247 	.db #0x00	; 0
      0000C3 00                     248 	.db #0x00	; 0
      0000C4 9C                     249 	.db #0x9c	; 156
      0000C5 3A                     250 	.db #0x3a	; 58
      0000C6 20                     251 	.db #0x20	; 32
      0000C7 00                     252 	.db #0x00	; 0
      0000C8 8A                     253 	.db #0x8a	; 138
      0000C9 82                     254 	.db #0x82	; 130
      0000CA 02                     255 	.db #0x02	; 2
      0000CB 00                     256 	.db #0x00	; 0
      0000CC 00                     257 	.db #0x00	; 0
      0000CD 00                     258 	.db #0x00	; 0
      0000CE 00                     259 	.db #0x00	; 0
      0000CF 00                     260 	.db #0x00	; 0
      0000D0 85                     261 	.db #0x85	; 133
      0000D1 18                     262 	.db #0x18	; 24
      0000D2 00                     263 	.db #0x00	; 0
      0000D3 8A                     264 	.db #0x8a	; 138
      0000D4 82                     265 	.db #0x82	; 130
      0000D5 01                     266 	.db #0x01	; 1
      0000D6 00                     267 	.db #0x00	; 0
      0000D7 24                     268 	.db #0x24	; 36
      0000D8 00                     269 	.db #0x00	; 0
      0000D9 00                     270 	.db #0x00	; 0
      0000DA 9A                     271 	.db #0x9a	; 154
      0000DB 3A                     272 	.db #0x3a	; 58
      0000DC 87                     273 	.db #0x87	; 135
      0000DD 18                     274 	.db #0x18	; 24
      0000DE 00                     275 	.db #0x00	; 0
      0000DF 00                     276 	.db #0x00	; 0
      0000E0 00                     277 	.db #0x00	; 0
      0000E1 24                     278 	.db #0x24	; 36
      0000E2 00                     279 	.db #0x00	; 0
      0000E3 00                     280 	.db #0x00	; 0
      0000E4 98                     281 	.db #0x98	; 152
      0000E5 3A                     282 	.db #0x3a	; 58
      0000E6 87                     283 	.db #0x87	; 135
      0000E7 18                     284 	.db #0x18	; 24
      0000E8 00                     285 	.db #0x00	; 0
      0000E9 8B                     286 	.db #0x8b	; 139
      0000EA 82                     287 	.db #0x82	; 130
      0000EB 01                     288 	.db #0x01	; 1
      0000EC 00                     289 	.db #0x00	; 0
      0000ED 24                     290 	.db #0x24	; 36
      0000EE 00                     291 	.db #0x00	; 0
      0000EF 00                     292 	.db #0x00	; 0
      0000F0 00                     293 	.db #0x00	; 0
      0000F1 20                     294 	.db #0x20	; 32
      0000F2 00                     295 	.db #0x00	; 0
      0000F3 8A                     296 	.db #0x8a	; 138
      0000F4 82                     297 	.db #0x82	; 130
      0000F5 02                     298 	.db #0x02	; 2
      0000F6 00                     299 	.db #0x00	; 0
      0000F7 00                     300 	.db #0x00	; 0
      0000F8 00                     301 	.db #0x00	; 0
      0000F9 00                     302 	.db #0x00	; 0
      0000FA 9A                     303 	.db #0x9a	; 154
      0000FB 3A                     304 	.db #0x3a	; 58
      0000FC 85                     305 	.db #0x85	; 133
      0000FD 18                     306 	.db #0x18	; 24
      0000FE 00                     307 	.db #0x00	; 0
      0000FF 8A                     308 	.db #0x8a	; 138
      000100 82                     309 	.db #0x82	; 130
      000101 02                     310 	.db #0x02	; 2
      000102 00                     311 	.db #0x00	; 0
      000103 24                     312 	.db #0x24	; 36
      000104 00                     313 	.db #0x00	; 0
      000105 00                     314 	.db #0x00	; 0
      000106 00                     315 	.db #0x00	; 0
      000107 87                     316 	.db #0x87	; 135
      000108 18                     317 	.db #0x18	; 24
      000109 00                     318 	.db #0x00	; 0
      00010A 8A                     319 	.db #0x8a	; 138
      00010B 82                     320 	.db #0x82	; 130
      00010C 02                     321 	.db #0x02	; 2
      00010D 00                     322 	.db #0x00	; 0
      00010E 24                     323 	.db #0x24	; 36
      00010F 00                     324 	.db #0x00	; 0
      000110 00                     325 	.db #0x00	; 0
      000111 00                     326 	.db #0x00	; 0
      000112 87                     327 	.db #0x87	; 135
      000113 18                     328 	.db #0x18	; 24
      000114 00                     329 	.db #0x00	; 0
      000115 8B                     330 	.db #0x8b	; 139
      000116 82                     331 	.db #0x82	; 130
      000117 01                     332 	.db #0x01	; 1
      000118 00                     333 	.db #0x00	; 0
      000119 24                     334 	.db #0x24	; 36
      00011A 00                     335 	.db #0x00	; 0
      00011B 00                     336 	.db #0x00	; 0
      00011C 00                     337 	.db #0x00	; 0
      00011D 20                     338 	.db #0x20	; 32
      00011E 00                     339 	.db #0x00	; 0
      00011F 8A                     340 	.db #0x8a	; 138
      000120 82                     341 	.db #0x82	; 130
      000121 02                     342 	.db #0x02	; 2
      000122 00                     343 	.db #0x00	; 0
      000123 00                     344 	.db #0x00	; 0
      000124 00                     345 	.db #0x00	; 0
      000125 00                     346 	.db #0x00	; 0
      000126 00                     347 	.db #0x00	; 0
      000127 85                     348 	.db #0x85	; 133
      000128 18                     349 	.db #0x18	; 24
      000129 00                     350 	.db #0x00	; 0
      00012A 8A                     351 	.db #0x8a	; 138
      00012B 82                     352 	.db #0x82	; 130
      00012C 01                     353 	.db #0x01	; 1
      00012D 00                     354 	.db #0x00	; 0
      00012E 24                     355 	.db #0x24	; 36
      00012F 00                     356 	.db #0x00	; 0
      000130 00                     357 	.db #0x00	; 0
      000131 00                     358 	.db #0x00	; 0
      000132 87                     359 	.db #0x87	; 135
      000133 18                     360 	.db #0x18	; 24
      000134 00                     361 	.db #0x00	; 0
      000135 8A                     362 	.db #0x8a	; 138
      000136 82                     363 	.db #0x82	; 130
      000137 02                     364 	.db #0x02	; 2
      000138 00                     365 	.db #0x00	; 0
      000139 24                     366 	.db #0x24	; 36
      00013A 00                     367 	.db #0x00	; 0
      00013B 00                     368 	.db #0x00	; 0
      00013C 00                     369 	.db #0x00	; 0
      00013D 8C                     370 	.db #0x8c	; 140
      00013E 18                     371 	.db #0x18	; 24
      00013F 00                     372 	.db #0x00	; 0
      000140 8A                     373 	.db #0x8a	; 138
      000141 82                     374 	.db #0x82	; 130
      000142 02                     375 	.db #0x02	; 2
      000143 00                     376 	.db #0x00	; 0
      000144 24                     377 	.db #0x24	; 36
      000145 00                     378 	.db #0x00	; 0
      000146 00                     379 	.db #0x00	; 0
      000147 20                     380 	.db #0x20	; 32
      000148 8B                     381 	.db #0x8b	; 139
      000149 18                     382 	.db #0x18	; 24
      00014A 00                     383 	.db #0x00	; 0
      00014B 8A                     384 	.db #0x8a	; 138
      00014C 82                     385 	.db #0x82	; 130
      00014D 02                     386 	.db #0x02	; 2
      00014E 00                     387 	.db #0x00	; 0
      00014F 24                     388 	.db #0x24	; 36
      000150 00                     389 	.db #0x00	; 0
      000151 00                     390 	.db #0x00	; 0
      000152 00                     391 	.db #0x00	; 0
      000153 85                     392 	.db #0x85	; 133
      000154 18                     393 	.db #0x18	; 24
      000155 00                     394 	.db #0x00	; 0
      000156 8A                     395 	.db #0x8a	; 138
      000157 82                     396 	.db #0x82	; 130
      000158 02                     397 	.db #0x02	; 2
      000159 00                     398 	.db #0x00	; 0
      00015A 24                     399 	.db #0x24	; 36
      00015B 00                     400 	.db #0x00	; 0
      00015C 00                     401 	.db #0x00	; 0
                                    402 	.area _CABS (ABS)
